<?xml version="1.0" encoding="UTF-8"?>
<!-- Generated by org.testng.reporters.JUnitXMLReporter -->
<testsuite hostname="DESKTOP-22SU8QC" failures="2" tests="3" name="Command line test" time="77.767" errors="0" timestamp="23 Sep 2022 00:01:10 GMT">
  <testcase classname="Tests.Login_TC" name="@AfterTest afterTest" time="0.0">
    <failure type="org.openqa.selenium.WebDriverException" message="chrome not reachable
  (Session info: chrome=105.0.5195.127)
Build info: version: &amp;apos;3.141.59&amp;apos;, revision: &amp;apos;e82be7d358&amp;apos;, time: &amp;apos;2018-11-14T08:17:03&amp;apos;
System info: host: &amp;apos;DESKTOP-22SU8QC&amp;apos;, ip: &amp;apos;172.25.192.1&amp;apos;, os.name: &amp;apos;Windows 10&amp;apos;, os.arch: &amp;apos;amd64&amp;apos;, os.version: &amp;apos;10.0&amp;apos;, java.version: &amp;apos;15.0.2&amp;apos;
Driver info: org.openqa.selenium.chrome.ChromeDriver
Capabilities {acceptInsecureCerts: true, browserName: chrome, browserVersion: 105.0.5195.127, chrome: {chromedriverVersion: 105.0.5195.52 (412c95e51883..., userDataDir: C:\Users\NICOLA~1\AppData\L...}, goog:chromeOptions: {debuggerAddress: localhost:58063}, javascriptEnabled: true, networkConnectionEnabled: false, pageLoadStrategy: normal, platform: WINDOWS, platformName: WINDOWS, proxy: Proxy(), setWindowRect: true, strictFileInteractability: false, timeouts: {implicit: 0, pageLoad: 300000, script: 30000}, unhandledPromptBehavior: dismiss and notify, webauthn:extension:credBlob: true, webauthn:extension:largeBlob: true, webauthn:virtualAuthenticators: true}
Session ID: b15b2516c6115f422def07bd10d8d677">
      <![CDATA[org.openqa.selenium.WebDriverException: chrome not reachable
  (Session info: chrome=105.0.5195.127)
Build info: version: '3.141.59', revision: 'e82be7d358', time: '2018-11-14T08:17:03'
System info: host: 'DESKTOP-22SU8QC', ip: '172.25.192.1', os.name: 'Windows 10', os.arch: 'amd64', os.version: '10.0', java.version: '15.0.2'
Driver info: org.openqa.selenium.chrome.ChromeDriver
Capabilities {acceptInsecureCerts: true, browserName: chrome, browserVersion: 105.0.5195.127, chrome: {chromedriverVersion: 105.0.5195.52 (412c95e51883..., userDataDir: C:\Users\NICOLA~1\AppData\L...}, goog:chromeOptions: {debuggerAddress: localhost:58063}, javascriptEnabled: true, networkConnectionEnabled: false, pageLoadStrategy: normal, platform: WINDOWS, platformName: WINDOWS, proxy: Proxy(), setWindowRect: true, strictFileInteractability: false, timeouts: {implicit: 0, pageLoad: 300000, script: 30000}, unhandledPromptBehavior: dismiss and notify, webauthn:extension:credBlob: true, webauthn:extension:largeBlob: true, webauthn:virtualAuthenticators: true}
Session ID: b15b2516c6115f422def07bd10d8d677
	at org.openqa.selenium.remote.http.W3CHttpResponseCodec.createException(W3CHttpResponseCodec.java:187)
	at org.openqa.selenium.remote.http.W3CHttpResponseCodec.decode(W3CHttpResponseCodec.java:122)
	at org.openqa.selenium.remote.http.W3CHttpResponseCodec.decode(W3CHttpResponseCodec.java:49)
	at org.openqa.selenium.remote.HttpCommandExecutor.execute(HttpCommandExecutor.java:158)
	at org.openqa.selenium.remote.service.DriverCommandExecutor.execute(DriverCommandExecutor.java:83)
	at org.openqa.selenium.remote.RemoteWebDriver.execute(RemoteWebDriver.java:552)
	at org.openqa.selenium.remote.RemoteWebDriver.execute(RemoteWebDriver.java:609)
	at org.openqa.selenium.remote.RemoteWebDriver.close(RemoteWebDriver.java:442)
	at Utils.Navegador.cerrarNavegador(Navegador.java:29)
	at Tests.Login_TC.afterTest(Login_TC.java:66)
	at Tests.Main.main(Main.java:11)
... Removed 24 stack frames]]>
    </failure>
  </testcase> <!-- @AfterTest afterTest -->
  <testcase classname="Tests.Login_TC" name="inicioSesionValido" time="1.643"/>
  <testcase classname="Tests.Login_TC" name="inicioSesionUsuarioInvalido" time="60.416">
    <failure type="java.lang.Exception" message="No se encontró el botón: Inicio de Sesión.">
      <![CDATA[java.lang.Exception: No se encontró el botón: Inicio de Sesión.
	at Pages.Login.getBtnISesion(Login.java:32)
	at Tests.Login_TC.inicioSesionUsuarioInvalido(Login_TC.java:40)
	at Tests.Main.main(Main.java:11)
... Removed 21 stack frames]]>
    </failure>
  </testcase> <!-- inicioSesionUsuarioInvalido -->
  <testcase classname="Tests.Login_TC" name="inicioSesionClaveInvalida" time="10.396">
    <failure type="java.lang.Exception" message="No se encontró el botón: Inicio de Sesión.">
      <![CDATA[java.lang.Exception: No se encontró el botón: Inicio de Sesión.
	at Pages.Login.getBtnISesion(Login.java:32)
	at Tests.Login_TC.inicioSesionClaveInvalida(Login_TC.java:53)
	at Tests.Main.main(Main.java:11)
... Removed 21 stack frames]]>
    </failure>
  </testcase> <!-- inicioSesionClaveInvalida -->
</testsuite> <!-- Command line test -->
